<?xml version="1.0" encoding="UTF-8"?>
<!-- Generated by org.testng.reporters.JUnitReportReporter -->
<testsuite skipped="0" hostname="IBM927-PC0BRLZW" name="mavenProject.Google" tests="1" failures="0" timestamp="07 Mar 2019 09:51:03 GMT" time="0.075" errors="0">
  <testcase name="launchTest" time="0.075" classname="mavenProject.Google"/>
</testsuite> <!-- mavenProject.Google -->
